<<<<<<< HEAD
This is pdfTeX, Version 3.1415926-2.3-1.40.12 (MiKTeX 2.9) (preloaded format=pdflatex 2011.12.12)  20 FEB 2014 16:24
=======
This is pdfTeX, Version 3.1415926-1.40.10 (MiKTeX 2.8) (preloaded format=pdflatex 2013.6.23)  20 FEB 2014 14:43
>>>>>>> a292c0060979adbfa6e2b934ebeee299bdccbfdd
entering extended mode
**sig-alternate.tex

("C:\Ankit\Research\gitrepo\hyperedge_activity_prediction\KDD 2014 Resubmission
 Alternate KDD style\sig-alternate.tex"
LaTeX2e <2009/09/24>
Babel <v3.8l> and hyphenation patterns for english, dumylang, nohyphenation, ge
rman, ngerman, german-x-2009-06-19, ngerman-x-2009-06-19, french, loaded.

("C:\Ankit\Research\gitrepo\hyperedge_activity_prediction\KDD 2014 Resubmission
 Alternate KDD style\sig-alternate.cls"
(C:\Ankit_miktex\tex\latex\graphics\epsfig.sty
Package: epsfig 1999/02/16 v1.7a (e)psfig emulation (SPQR)

(C:\Ankit_miktex\tex\latex\graphics\graphicx.sty
Package: graphicx 1999/02/16 v1.0f Enhanced LaTeX Graphics (DPC,SPQR)

(C:\Ankit_miktex\tex\latex\graphics\keyval.sty
Package: keyval 1999/03/16 v1.13 key=value parser (DPC)
\KV@toks@=\toks14
)
(C:\Ankit_miktex\tex\latex\graphics\graphics.sty
Package: graphics 2009/02/05 v1.0o Standard LaTeX Graphics (DPC,SPQR)

(C:\Ankit_miktex\tex\latex\graphics\trig.sty
Package: trig 1999/03/16 v1.09 sin cos tan (DPC)
)
(C:\Ankit_miktex\tex\latex\00miktex\graphics.cfg
File: graphics.cfg 2007/01/18 v1.5 graphics configuration of teTeX/TeXLive
)
Package graphics Info: Driver file: pdftex.def on input line 91.

(C:\Ankit_miktex\tex\latex\pdftex-def\pdftex.def
File: pdftex.def 2010/02/14 v0.04n Graphics/color for pdfTeX
\Gread@gobject=\count79
))
\Gin@req@height=\dimen102
\Gin@req@width=\dimen103
)
\epsfxsize=\dimen104
\epsfysize=\dimen105
)
(C:\Ankit_miktex\tex\latex\amsfonts\amssymb.sty
Package: amssymb 2009/06/22 v3.00

(C:\Ankit_miktex\tex\latex\amsfonts\amsfonts.sty
Package: amsfonts 2009/06/22 v3.00 Basic AMSFonts support
\@emptytoks=\toks15
\symAMSa=\mathgroup4
\symAMSb=\mathgroup5
LaTeX Font Info:    Overwriting math alphabet `\mathfrak' in version `bold'
(Font)                  U/euf/m/n --> U/euf/b/n on input line 96.
))
(C:\Ankit_miktex\tex\latex\ams\math\amsmath.sty
Package: amsmath 2000/07/18 v2.13 AMS math features
\@mathmargin=\skip41

For additional information on amsmath, use the `?' option.
(C:\Ankit_miktex\tex\latex\ams\math\amstext.sty
Package: amstext 2000/06/29 v2.01

(C:\Ankit_miktex\tex\latex\ams\math\amsgen.sty
File: amsgen.sty 1999/11/30 v2.0
\@emptytoks=\toks16
\ex@=\dimen106
))
(C:\Ankit_miktex\tex\latex\ams\math\amsbsy.sty
Package: amsbsy 1999/11/29 v1.2d
\pmbraise@=\dimen107
)
(C:\Ankit_miktex\tex\latex\ams\math\amsopn.sty
Package: amsopn 1999/12/14 v2.01 operator names
)
\inf@bad=\count80
LaTeX Info: Redefining \frac on input line 211.
\uproot@=\count81
\leftroot@=\count82
LaTeX Info: Redefining \overline on input line 307.
\classnum@=\count83
\DOTSCASE@=\count84
LaTeX Info: Redefining \ldots on input line 379.
LaTeX Info: Redefining \dots on input line 382.
LaTeX Info: Redefining \cdots on input line 467.
\Mathstrutbox@=\box26
\strutbox@=\box27
\big@size=\dimen108
LaTeX Font Info:    Redeclaring font encoding OML on input line 567.
LaTeX Font Info:    Redeclaring font encoding OMS on input line 568.
\macc@depth=\count85
\c@MaxMatrixCols=\count86
\dotsspace@=\muskip10
\c@parentequation=\count87
\dspbrk@lvl=\count88
\tag@help=\toks17
\row@=\count89
\column@=\count90
\maxfields@=\count91
\andhelp@=\toks18
\eqnshift@=\dimen109
\alignsep@=\dimen110
\tagshift@=\dimen111
\tagwidth@=\dimen112
\totwidth@=\dimen113
\lineht@=\dimen114
\@envbody=\toks19
\multlinegap=\skip42
\multlinetaggap=\skip43
\mathdisplay@stack=\toks20
LaTeX Info: Redefining \[ on input line 2666.
LaTeX Info: Redefining \] on input line 2667.
)
Document Class 'sig-alternate' <23rd. May '12>. Modified by G.K.M. Tobin/Gerry 
Murray
Based in part upon document Style `acmconf' <22 May 89>. Hacked 4/91 by
shivers@cs.cmu.edu, 4/93 by theobald@cs.mcgill.ca
Excerpts were taken from (Journal Style) 'esub2acm.cls'.
****** Bugs/comments/suggestions/technicalities to Gerry Murray -- murray@hq.ac
m.org ******
Questions on the style, SIGS policies, etc. to Adrienne Griscti griscti@acm.org

\footheight=\dimen115
\@maxsep=\dimen116
\@dblmaxsep=\dimen117
\aucount=\count92
\originalaucount=\count93
\auwidth=\dimen118
\auskip=\dimen119
\auskipcount=\count94
\auskip=\dimen120
\allauboxes=\dimen121
\addauthors=\toks21
\addauflag=\count95
\subtitletext=\toks22
\savesection=\count96
\sectioncntr=\count97
\c@figure=\count98
\c@table=\count99
\titleboxnotes=\toks23
\titleboxnoteflag=\count100
Document Class: sig-alternate 2012/05/23 - V2.5 - based on acmproc.cls V1.3 <No
v. 30 '99>
(C:\Ankit_miktex\tex\latex\base\latexsym.sty
Package: latexsym 1998/08/17 v2.2e Standard LaTeX package (lasy symbols)
\symlasy=\mathgroup6
LaTeX Font Info:    Overwriting symbol font `lasy' in version `bold'
(Font)                  U/lasy/m/n --> U/lasy/b/n on input line 47.
)
\@acmtitlebox=\box28
\titlenotecount=\count101
\tntoks=\toks24
\tntokstwo=\toks25
\tntoksthree=\toks26
\tntoksfour=\toks27
\tntoksfive=\toks28
\catcount=\count102
\copyrightnotice=\toks29
\conf=\toks30
\confinfo=\toks31
\c@part=\count103
\c@section=\count104
\c@subsection=\count105
\c@subsubsection=\count106
\c@paragraph=\count107

Using 'Abbrev' bibliography style
LaTeX Info: Redefining \cite on input line 1211.
\bibindent=\dimen122
\colcntr=\count108
\saveb@x=\box29
\copyrtyr=\toks32
\acmcopyr=\toks33
\boilerplate=\toks34
\copyrightetc=\toks35
(C:\Ankit_miktex\tex\latex\base\fontenc.sty
Package: fontenc 2005/09/27 v1.99g Standard LaTeX package

(C:\Ankit_miktex\tex\latex\base\t1enc.def
File: t1enc.def 2005/09/27 v1.99g Standard LaTeX file
LaTeX Font Info:    Redeclaring font encoding T1 on input line 43.
)
LaTeX Font Info:    Try loading font information for T1+aer on input line 100.

(C:\Ankit_miktex\tex\latex\ae\t1aer.fd
File: t1aer.fd 1997/11/16 Font definitions for T1/aer.
)))
(C:\Ankit_miktex\tex\latex\caption\caption.sty
Package: caption 2012/02/19 v3.2f Customizing captions (AR)

(C:\Ankit_miktex\tex\latex\caption\caption3.sty
Package: caption3 2012/01/12 v1.4b caption3 kernel (AR)
\captionmargin=\dimen123
\captionmargin@=\dimen124
\captionwidth=\dimen125
\caption@indent=\dimen126
\caption@parindent=\dimen127
\caption@hangindent=\dimen128
\abovecaptionskip=\skip44
\belowcaptionskip=\skip45
Package caption Info: Unknown document class (or package),
(caption)             standard defaults will be used.
)

Package caption Warning: Unsupported document class (or package) detected,
(caption)                usage of the caption package is not recommended.
See the caption package documentation for explanation.

Package caption Info: \@makecaption = \long macro:#1#2-> \vskip 10pt \setbox \@
tempboxa \hbox {\textbf {#1: #2}} \ifdim \wd \@tempboxa >\hsize \textbf {#1: #2
}\par \else \hbox to\hsize {\hfil \box \@tempboxa \hfil } \fi .
\c@ContinuedFloat=\count109
) (C:\Ankit_miktex\tex\latex\caption\subcaption.sty
Package: subcaption 2012/01/12 v1.1d Sub-captions (AR)
\c@subfigure=\count110
\c@subtable=\count111
)
(C:\Ankit_miktex\tex\latex\subfig\subfig.sty
Package: subfig 2005/06/28 ver: 1.3 subfig package
\c@KVtest=\count112
\sf@farskip=\skip46
\sf@captopadj=\dimen129
\sf@capskip=\skip47
\sf@nearskip=\skip48
\sf@top=\skip49
\sf@bottom=\skip50
)
(C:\Ankit_miktex\tex\latex\amsfonts\euscript.sty
Package: euscript 2009/06/22 v3.00 Euler Script fonts
LaTeX Font Info:    Overwriting math alphabet `\EuScript' in version `bold'
(Font)                  U/eus/m/n --> U/eus/b/n on input line 33.
)
(C:\Ankit_miktex\tex\latex\algorithms\algorithmic.sty
Package: algorithmic 2009/08/24 v0.1 Document Style `algorithmic'

(C:\Ankit_miktex\tex\latex\base\ifthen.sty
Package: ifthen 2001/05/26 v1.1c Standard LaTeX ifthen package (DPC)
)
\c@ALC@unique=\count113
\c@ALC@line=\count114
\c@ALC@rem=\count115
\c@ALC@depth=\count116
\ALC@tlm=\skip51
\algorithmicindent=\skip52
)
(C:\Ankit_miktex\tex\latex\bbm\bbm.sty
Package: bbm 1999/03/15 V 1.2 provides fonts for set symbols - TH
LaTeX Font Info:    Overwriting math alphabet `\mathbbm' in version `bold'
(Font)                  U/bbm/m/n --> U/bbm/bx/n on input line 33.
LaTeX Font Info:    Overwriting math alphabet `\mathbbmss' in version `bold'
(Font)                  U/bbmss/m/n --> U/bbmss/bx/n on input line 35.
)
(C:\Ankit_miktex\tex\latex\tools\tabularx.sty
Package: tabularx 1999/01/07 v2.07 `tabularx' package (DPC)

(C:\Ankit_miktex\tex\latex\tools\array.sty
Package: array 2008/09/09 v2.4c Tabular extension package (FMi)
\col@sep=\dimen130
\extrarowheight=\dimen131
\NC@list=\toks36
\extratabsurround=\skip53
\backup@length=\skip54
)
\TX@col@width=\dimen132
\TX@old@table=\dimen133
\TX@old@col=\dimen134
\TX@target=\dimen135
\TX@delta=\dimen136
\TX@cols=\count117
\TX@ftn=\toks37
)
(C:\Ankit_miktex\tex\latex\float\float.sty
Package: float 2001/11/08 v1.3d Float enhancements (AL)
\c@float@type=\count118
\float@exts=\toks38
\float@box=\box30
\@float@everytoks=\toks39
\@floatcapt=\box31
)
("C:\Ankit\Research\gitrepo\hyperedge_activity_prediction\KDD 2014 Resubmission
 Alternate KDD style\sig-alternate.aux"

LaTeX Warning: Label `overflow' multiply defined.


LaTeX Warning: Label `alg2' multiply defined.


LaTeX Warning: Label `alg2' multiply defined.


LaTeX Warning: Label `alg2' multiply defined.

)
LaTeX Font Info:    Checking defaults for OML/cmm/m/it on input line 78.
LaTeX Font Info:    ... okay on input line 78.
LaTeX Font Info:    Checking defaults for T1/cmr/m/n on input line 78.
LaTeX Font Info:    ... okay on input line 78.
LaTeX Font Info:    Checking defaults for OT1/cmr/m/n on input line 78.
LaTeX Font Info:    ... okay on input line 78.
LaTeX Font Info:    Checking defaults for OMS/cmsy/m/n on input line 78.
LaTeX Font Info:    ... okay on input line 78.
LaTeX Font Info:    Checking defaults for OMX/cmex/m/n on input line 78.
LaTeX Font Info:    ... okay on input line 78.
LaTeX Font Info:    Checking defaults for U/cmr/m/n on input line 78.
LaTeX Font Info:    ... okay on input line 78.
 (C:\Ankit_miktex\tex\context\base\supp-pdf.tex
[Loading MPS to PDF converter (version 2006.09.02).]
\scratchcounter=\count119
\scratchdimen=\dimen137
\scratchbox=\box32
\nofMPsegments=\count120
\nofMParguments=\count121
\everyMPshowfont=\toks40
\MPscratchCnt=\count122
\MPscratchDim=\dimen138
\MPnumerator=\count123
\everyMPtoPDFconversion=\toks41
)
Package caption Info: Begin \AtBeginDocument code.
Package caption Info: subfig package v1.3 is loaded.
Package caption Info: float package is loaded.
Package caption Info: End \AtBeginDocument code.
LaTeX Font Info:    Try loading font information for U+msa on input line 167.
 (C:\Ankit_miktex\tex\latex\amsfonts\umsa.fd
File: umsa.fd 2009/06/22 v3.00 AMS symbols A
)
LaTeX Font Info:    Try loading font information for U+msb on input line 167.

(C:\Ankit_miktex\tex\latex\amsfonts\umsb.fd
File: umsb.fd 2009/06/22 v3.00 AMS symbols B
)
LaTeX Font Info:    Try loading font information for U+lasy on input line 167.

(C:\Ankit_miktex\tex\latex\base\ulasy.fd
File: ulasy.fd 1998/08/17 v2.2e LaTeX symbol font definitions
)
Overfull \hbox (1.26794pt too wide) in paragraph at lines 178--179
\T1/aer/m/n/9 H.4 [\T1/aer/bx/n/9 Information Sys-tems Ap-pli-ca-tions\T1/aer/m
/n/9 ]: Mis-cel-la-neous;
 []


Underfull \vbox (badness 10000) has occurred while \output is active []


Overfull \hbox (1.3067pt too wide) in paragraph at lines 182--183
\T1/aer/m/n/9 Collaboration net-works, so-cial net-works, link pre-dic-tion, te
n-
 []

<hypergraph.JPG, id=1, 322.95656pt x 430.60875pt>
File: hypergraph.JPG Graphic file (type jpg)
 <use hypergraph.JPG>
<bipartite.JPG, id=2, 358.33875pt x 371.13657pt>
File: bipartite.JPG Graphic file (type jpg)
 <use bipartite.JPG> [1{C:/Users/ankit.CS.005/AppData/Local/MiKTeX/2.8/pdftex/c
onfig/pdftex.map}


 <C:/Ankit/Research/gitrepo/hyperedge_activity_prediction/KDD 2014 Resubmission
 Alternate KDD style/hypergraph.JPG> <C:/Ankit/Research/gitrepo/hyperedge_activ
ity_prediction/KDD 2014 Resubmission Alternate KDD style/bipartite.JPG>]
Underfull \vbox (badness 10000) has occurred while \output is active []


Overfull \hbox (6.82327pt too wide) in paragraph at lines 222--223
\T1/aer/m/n/9 ap-proach to pre-dict higher or-der col-lab-o-ra-tions (size$\OML
/cmm/m/it/9 >$\T1/aer/m/n/9 4) which
 []


Overfull \hbox (5.21666pt too wide) in paragraph at lines 247--247
[]\secfnt HYPEREDGE PRE-DIC-TION PROB-LEMS
 []

[2]
Overfull \hbox (1.3349pt too wide) in paragraph at lines 267--268
\T1/aer/m/n/9 lows: Given a past his-tory of col-lab-o-ra-tions $\OML/cmm/m/it/
9 C[] \OT1/cmr/m/n/9 = \OMS/cmsy/m/n/9 f\OT1/cmr/bx/n/9 c[]\OMS/cmsy/m/n/9 g[]$
<<<<<<< HEAD

 []

<intuition.JPG, id=19, 692.5875pt x 547.2947pt>
File: intuition.JPG Graphic file (type jpg)
 <use intuition.JPG>
Package pdftex.def Info: intuition.JPG used on input line 271.
(pdftex.def)             Requested size: 170.71652pt x 134.90259pt.


LaTeX Warning: `!h' float specifier changed to `!ht'.
=======
>>>>>>> a292c0060979adbfa6e2b934ebeee299bdccbfdd

 []

<<<<<<< HEAD
=======
<intuition.JPG, id=19, 692.5875pt x 547.2947pt>
File: intuition.JPG Graphic file (type jpg)
 <use intuition.JPG>
>>>>>>> a292c0060979adbfa6e2b934ebeee299bdccbfdd
Overfull \hbox (1.79643pt too wide) in paragraph at lines 285--286
\T1/aer/m/n/9 of dyadic links, P(A-B-C) = P(A-B)xP(B-C)xP(C-A)=
 []

<time_snap.jpg, id=20, 541.27219pt x 420.82219pt>
File: time_snap.jpg Graphic file (type jpg)
 <use time_snap.jpg>
<<<<<<< HEAD
Package pdftex.def Info: time_snap.jpg used on input line 290.
(pdftex.def)             Requested size: 170.71652pt x 132.72664pt.
 [3 <C:/New folder (2)/gitrepo/hyperedge_activity_prediction/KDD 2014 Resubmiss
ion Alternate KDD style/intuition.JPG> <C:/New folder (2)/gitrepo/hyperedge_act
ivity_prediction/KDD 2014 Resubmission Alternate KDD style/time_snap.jpg>]
LaTeX Font Info:    Try loading font information for U+eus on input line 305.

("C:\Program Files (x86)\MiKTeX 2.9\tex\latex\amsfonts\ueus.fd"
File: ueus.fd 2009/06/22 v3.00 Euler Script
)
=======
LaTeX Font Info:    Try loading font information for U+eus on input line 305.

(C:\Ankit_miktex\tex\latex\amsfonts\ueus.fd
File: ueus.fd 2009/06/22 v3.00 Euler Script
) [3 <C:/Ankit/Research/gitrepo/hyperedge_activity_prediction/KDD 2014 Resubmis
sion Alternate KDD style/intuition.JPG> <C:/Ankit/Research/gitrepo/hyperedge_ac
tivity_prediction/KDD 2014 Resubmission Alternate KDD style/time_snap.jpg>]
>>>>>>> a292c0060979adbfa6e2b934ebeee299bdccbfdd
Overfull \hbox (2.52522pt too wide) in paragraph at lines 307--308
[]\T1/aer/m/n/9 Similar to hy-per-graph we rep-re-sent graph as $\OML/cmm/m/it/
9 G\OT1/cmr/m/n/9 (\OML/cmm/m/it/9 V; E\OT1/cmr/m/n/9 )$ \T1/aer/m/n/9 where
 []


! LaTeX Error: Environment algorithm undefined.

See the LaTeX manual or LaTeX Companion for explanation.
Type  H <return>  for immediate help.
 ...                                              
                                                  
l.309 \begin{algorithm}
                        % enter the algorithm environment
? 

! Package caption Error: No float type 'copyrightbox' defined.

See the caption package documentation for explanation.
Type  H <return>  for immediate help.
 ...                                              
                                                  
<<<<<<< HEAD
l.310 \caption
              {PREDICT-COLLAB($C_{hist}$, $isHypergraph$)} % give the algori...
=======
l.310 \caption{
               PREDICT-COLLAB($C_{hist}$, $isHypergraph$)} % give the algori...
>>>>>>> a292c0060979adbfa6e2b934ebeee299bdccbfdd

? 

! Package caption Error: No float type 'copyrightbox' defined.

See the caption package documentation for explanation.
Type  H <return>  for immediate help.
 ...                                              
                                                  
<<<<<<< HEAD
l.312 \begin{algorithmic}
                         [1] % enter the algorithmic environment
? 
! Undefined control sequence.
l.314 \STATE
             $\mathscr{Z}_{h}$ tensor (size \(N_{h}\times N_{a}\times N_{t}\...

? 
! Undefined control sequence.
l.316 \STATE
             $\mathscr{Z}_{g}$ tensor (size \(N_{g}\times N_{a}\times N_{t}\...

? 
! Undefined control sequence.
l.318 \IF
         {$isHypergraph$}
? 
! Undefined control sequence.
l.319 \FOR
          {$c^{(t)} \in C_{hist}$}
? 
! Undefined control sequence.
l.320 \FOR
          {$c_i^{(t)} \in c^{(t)}$}%\in \{1,2,...,N_{c}^{(t)}\}$}
? 
! Undefined control sequence.
l.321 \STATE
             Find $k$ s.t. $\phi(c_i)==h_k$ %hyperedge $h_k$ represents the ...

? 
! Undefined control sequence.
l.322 \FOR
          {$j$ s.t. $v_j \in \{v_{1}^{h_k},..., v_{|h_k|}^{h_k}\}=h_k $}
? 
! Undefined control sequence.
l.323 \STATE
             $\mathscr{Z}_{h}(k,j,t) = \mathscr{Z}_{h}(k,j,t) + \frac{1}{s_k}$
? 
! Undefined control sequence.
l.324 \ENDFOR
             
? 
! Undefined control sequence.
l.325 \ENDFOR
             
? 
! Undefined control sequence.
l.326 \ENDFOR
             
? 
! Undefined control sequence.
l.328 \STATE
             $\mathbf{S}_h$ = BUILD-SIMILARITY-MATRIX ($\mathscr{Z}_{h}$, $N...

? 
! Undefined control sequence.
<recently read> \RETURN 
                        
l.329 \RETURN
             { \textbf{return} HYPERGRAPH-PROB-VECTOR ($\mathbf{S}_h$, $N_h,...

? 
! Undefined control sequence.
l.331 \ELSE
           
? 
! Undefined control sequence.
l.332 \FOR
          {$c^{(t)} \in C_{hist}$}
? 
! Undefined control sequence.
l.333 \FOR
          {$c_i^{(t)} \in c^{(t)}$}%\in \{1,2,...,N_{c}^{(t)}\}$}
? 
! Undefined control sequence.
l.334 \STATE
             Find $k$ s.t. $\phi(c_i)==h_k$ %hyperedge $h_k$ represents the ...

? 
! Undefined control sequence.
l.335 \STATE
             $s_k$ is the cardinality of hyperedge $h_k$.
? 
! Undefined control sequence.
l.336 \FOR
          {Each of the ${s_{k} \choose 2}$ dyadic links, $d_p$ of the hypere...
=======
l.310 ...EDICT-COLLAB($C_{hist}$, $isHypergraph$)}
                                                   % give the algorithm a ca...
>>>>>>> a292c0060979adbfa6e2b934ebeee299bdccbfdd

? 

Package amsmath Warning: Foreign command \atopwithdelims;
(amsmath)                \frac or \genfrac should be used instead
(amsmath)                 on input line 336.

<<<<<<< HEAD
! Undefined control sequence.
l.337 \STATE
             Find $k'$ s.t. dyadic edge $d_p$ represents the same subset as ...

? 
! Undefined control sequence.
l.338 \FOR
          {$j$ s.t. $v_j \in \{v_{1}^{d_p},v_{2}^{d_p}\}=d_p $}
? 
! Undefined control sequence.
l.339 \STATE
             $\mathscr{Z}_{g}(k',j,t) = \mathscr{Z}_{g}(k',j,t) + \frac{1}{s...

? 
! Undefined control sequence.
l.340 \ENDFOR
             
? 
! Undefined control sequence.
l.341 \ENDFOR
             
? 
! Undefined control sequence.
l.342 \ENDFOR
             
? 
! Undefined control sequence.
l.343 \ENDFOR
             
? 
! Undefined control sequence.
l.345 \STATE
             {$\mathbf{S}_g$ = BUILD-SIMILARITY-MATRIX ($\mathscr{Z}_{g}$, $...

? 
! Undefined control sequence.
<recently read> \RETURN 
                        
l.346 \RETURN
             { \textbf{return} GRAPH-PROB-VECTOR ($\mathbf{S}_g$, $N_g, N_a$)}
? 
! Undefined control sequence.
l.347 \ENDIF
            
? 
! Undefined control sequence.
l.348 \RETURN
             
? 
=======

Underfull \vbox (badness 10000) has occurred while \output is active []

>>>>>>> a292c0060979adbfa6e2b934ebeee299bdccbfdd

Overfull \hbox (12.78328pt too wide) in paragraph at lines 346--347
[] []\T1/aer/bx/n/9 return   re-turn \T1/aer/m/n/9 GRAPH-PROB-VECTOR ($\OT1/cmr
/bx/n/9 S[]$\T1/aer/m/n/9 , $\OML/cmm/m/it/9 N[]; N[]$\T1/aer/m/n/9 ) 
 []

<<<<<<< HEAD
See the LaTeX manual or LaTeX Companion for explanation.
Type  H <return>  for immediate help.
 ...                                              
                                                  
l.349 \end{algorithmic}
                       
? 
=======
>>>>>>> a292c0060979adbfa6e2b934ebeee299bdccbfdd

! LaTeX Error: \begin{document} ended by \end{algorithm}.

See the LaTeX manual or LaTeX Companion for explanation.
Type  H <return>  for immediate help.
 ...                                              
                                                  
l.350 \end{algorithm}
                     
? 

! LaTeX Error: Environment algorithm undefined.

See the LaTeX manual or LaTeX Companion for explanation.
Type  H <return>  for immediate help.
 ...                                              
                                                  
l.353 \begin{algorithm}
                        % enter the algorithm environment
? 

! Package caption Error: No float type 'copyrightbox' defined.

See the caption package documentation for explanation.
Type  H <return>  for immediate help.
 ...                                              
                                                  
<<<<<<< HEAD
l.354 \caption
              {BUILD-SIMILARITY-MATRIX ($\mathscr{Z}$, $N_a, N_b$) } % give ...
=======
l.354 \caption{
               BUILD-SIMILARITY-MATRIX ($\mathscr{Z}$, $N_a, N_b$) } % give ...
>>>>>>> a292c0060979adbfa6e2b934ebeee299bdccbfdd

? 

! Package caption Error: No float type 'copyrightbox' defined.

See the caption package documentation for explanation.
Type  H <return>  for immediate help.
 ...                                              
                                                  
<<<<<<< HEAD
l.356 \begin{algorithmic}
                         [1] % enter the algorithmic environment
? 
! Undefined control sequence.
l.358 \STATE
             $\mathbf{S}$ similarity matrix of size $N_a \times N_b$ initial...

? 
! Undefined control sequence.
l.359 \STATE
             $K$ is the number of components.
? 
! Undefined control sequence.
l.360 \STATE
             $[\mathbf{\lambda}; \mathbf{A},\mathbf{B},\mathbf{C}]$ = CP-ALS...

? 
! Undefined control sequence.
l.362 \FOR
          {$k \in \{1,2,...,K\}$}
? 
! Undefined control sequence.
l.363 \STATE
             $\mathbf{S}$ = $\mathbf{S} + \lambda_k \gamma_k \mathbf{a_k} \m...

? 
! Undefined control sequence.
l.364 \ENDFOR
             
? 
! Undefined control sequence.
l.366 \RETURN
             { \textbf{return} $\mathbf{S}$}
? 

! LaTeX Error: \begin{document} ended by \end{algorithmic}.

See the LaTeX manual or LaTeX Companion for explanation.
Type  H <return>  for immediate help.
 ...                                              
                                                  
l.368 \end{algorithmic}
                       
? 
=======
l.354 ...RITY-MATRIX ($\mathscr{Z}$, $N_a, N_b$) }
                                                   % give the algorithm a ca...

? 
>>>>>>> a292c0060979adbfa6e2b934ebeee299bdccbfdd

! LaTeX Error: \begin{document} ended by \end{algorithm}.

See the LaTeX manual or LaTeX Companion for explanation.
Type  H <return>  for immediate help.
 ...                                              
                                                  
l.369 \end{algorithm}
                     
? 

! LaTeX Error: Environment algorithm undefined.

See the LaTeX manual or LaTeX Companion for explanation.
Type  H <return>  for immediate help.
 ...                                              
                                                  
l.371 \begin{algorithm}
                        % enter the algorithm environment
? 

! Package caption Error: No float type 'copyrightbox' defined.

See the caption package documentation for explanation.
Type  H <return>  for immediate help.
 ...                                              
                                                  
<<<<<<< HEAD
l.372 \caption
              {HYPERGRAPH-PROB-VECTOR ($\mathbf{S}_h$, $N_h, N_a$) } % give ...
=======
l.372 \caption{
               HYPERGRAPH-PROB-VECTOR ($\mathbf{S}_h$, $N_h, N_a$) } % give ...
>>>>>>> a292c0060979adbfa6e2b934ebeee299bdccbfdd

? 

! Package caption Error: No float type 'copyrightbox' defined.

See the caption package documentation for explanation.
Type  H <return>  for immediate help.
 ...                                              
                                                  
<<<<<<< HEAD
l.374 \begin{algorithmic}
                         [1] % enter the algorithmic environment
? 
! Undefined control sequence.
l.376 \STATE
             $\mathbf{p_h}$ is the probability vector for hyperedge likeliho...

? 
! Undefined control sequence.
l.378 \FOR
          {$i \in \{1,2,...,N_h\}$}
? 
! Undefined control sequence.
l.380 \FOR
          {$p$  s.t. $v_p \in h_i$}
? 
! Undefined control sequence.
l.381 \STATE
             $\mathbf{p_h}(i)$ = $\mathbf{p_h}(i) \ast \mathbf{S}_h (i,p)$
? 
! Undefined control sequence.
l.382 \ENDFOR
             
? 
! Undefined control sequence.
l.383 \ENDFOR
             
? 
! Undefined control sequence.
l.385 \RETURN
             { \textbf{return} $\mathbf{p_h}$}
? 

! LaTeX Error: \begin{document} ended by \end{algorithmic}.

See the LaTeX manual or LaTeX Companion for explanation.
Type  H <return>  for immediate help.
 ...                                              
                                                  
l.387 \end{algorithmic}
                       
? 
=======
l.372 ...ROB-VECTOR ($\mathbf{S}_h$, $N_h, N_a$) }
                                                   % give the algorithm a ca...

? 
>>>>>>> a292c0060979adbfa6e2b934ebeee299bdccbfdd

! LaTeX Error: \begin{document} ended by \end{algorithm}.

See the LaTeX manual or LaTeX Companion for explanation.
Type  H <return>  for immediate help.
 ...                                              
                                                  
l.388 \end{algorithm}
                     
? 
<<<<<<< HEAD

=======
[4]
>>>>>>> a292c0060979adbfa6e2b934ebeee299bdccbfdd
Overfull \hbox (3.9581pt too wide) in paragraph at lines 403--404
[]\T1/aer/m/n/9 Next step in the pro-cess is to de-com-pose the ten-sors (loade
d
 []


Overfull \hbox (7.53735pt too wide) in paragraph at lines 403--404
\T1/aer/m/n/9 in next sec-tion for do-ing $\OML/cmm/m/it/9 collaboration$ \T1/a
er/m/n/9 pre-dic-tion. The method
 []

<<<<<<< HEAD
[4
! Undefined control sequence.
<write> \@writefile{\ext@copyrightbox 
                                      }{\protect \contentsline {copyrightbox...
l.404 \begin{equation}
                      
? 
! Undefined control sequence.
<write> ...\protect \numberline {\thecopyrightbox 
                                                  }{\ignorespaces PREDICT-CO...
l.404 \begin{equation}
                      
? 
! Undefined control sequence.
<write> \newlabel{alg2}{{\p@copyrightbox 
                                         \thecopyrightbox }{\thepage }}
l.404 \begin{equation}
                      
? 
! Undefined control sequence.
<write> ...lg2}{{\p@copyrightbox \thecopyrightbox 
                                                  }{\thepage }}
l.404 \begin{equation}
                      
? 
! Undefined control sequence.
<write> \@writefile{\ext@copyrightbox 
                                      }{\protect \contentsline {copyrightbox...
l.404 \begin{equation}
                      
? 
! Undefined control sequence.
<write> ...\protect \numberline {\thecopyrightbox 
                                                  }{\ignorespaces BUILD-SIMI...
l.404 \begin{equation}
                      
? 
! Undefined control sequence.
<write> \newlabel{alg2}{{\p@copyrightbox 
                                         \thecopyrightbox }{\thepage }}
l.404 \begin{equation}
                      
? 
! Undefined control sequence.
<write> ...lg2}{{\p@copyrightbox \thecopyrightbox 
                                                  }{\thepage }}
l.404 \begin{equation}
                      
? 
! Undefined control sequence.
<write> \@writefile{\ext@copyrightbox 
                                      }{\protect \contentsline {copyrightbox...
l.404 \begin{equation}
                      
? 
! Undefined control sequence.
<write> ...\protect \numberline {\thecopyrightbox 
                                                  }{\ignorespaces HYPERGRAPH...
l.404 \begin{equation}
                      
? 
! Undefined control sequence.
<write> \newlabel{alg2}{{\p@copyrightbox 
                                         \thecopyrightbox }{\thepage }}
l.404 \begin{equation}
                      
? 
! Undefined control sequence.
<write> ...lg2}{{\p@copyrightbox \thecopyrightbox 
                                                  }{\thepage }}
l.404 \begin{equation}
                      
? 
]
=======
>>>>>>> a292c0060979adbfa6e2b934ebeee299bdccbfdd

! LaTeX Error: Environment algorithm undefined.

See the LaTeX manual or LaTeX Companion for explanation.
Type  H <return>  for immediate help.
 ...                                              
                                                  
l.413 \begin{algorithm}
                        % enter the algorithm environment
? 

! Package caption Error: No float type 'copyrightbox' defined.

See the caption package documentation for explanation.
Type  H <return>  for immediate help.
 ...                                              
                                                  
<<<<<<< HEAD
l.414 \caption
              {GRAPH-PROB-VECTOR ($\mathbf{S}_g$, $N_g, N_a$)} % give the al...
=======
l.414 \caption{
               GRAPH-PROB-VECTOR ($\mathbf{S}_g$, $N_g, N_a$)} % give the al...
>>>>>>> a292c0060979adbfa6e2b934ebeee299bdccbfdd

? 

! Package caption Error: No float type 'copyrightbox' defined.

See the caption package documentation for explanation.
Type  H <return>  for immediate help.
 ...                                              
                                                  
<<<<<<< HEAD
l.416 \begin{algorithmic}
                         [1] % enter the algorithmic environment
? 
! Undefined control sequence.
l.418 \STATE
             $\mathbf{p_g}$ is the probability vector for edge likelihood of...

? 
! Undefined control sequence.
l.420 \FOR
          {$i \in \{1,2,...,N_g\}$}
? 
! Undefined control sequence.
l.421 \STATE
             $s_i$ is the cardinality of hyperedge $h_i$.
? 
! Undefined control sequence.
l.422 \FOR
          {Each of the ${s_{i} \choose 2}$ dyadic links $d_p$, of the hypere...

? 
! Undefined control sequence.
l.424 \FOR
          {$p$  s.t. $v_p \in d_p$}
? 
! Undefined control sequence.
l.425 \STATE
             $\mathbf{p_g}(i)$ = $\mathbf{p_g}(i) \ast \mathbf{S}_g (i,p)$
? 
! Undefined control sequence.
l.426 \ENDFOR
             
? 
! Undefined control sequence.
l.427 \ENDFOR
             
? 
! Undefined control sequence.
l.428 \ENDFOR
              \\
? 

Underfull \hbox (badness 10000) in paragraph at lines 420--429

 []

! Undefined control sequence.
l.430 \RETURN
             { \textbf{return} $\mathbf{p_g}$}
? 

! LaTeX Error: \begin{document} ended by \end{algorithmic}.

See the LaTeX manual or LaTeX Companion for explanation.
Type  H <return>  for immediate help.
 ...                                              
                                                  
l.432 \end{algorithmic}
                       
=======
l.414 ...PROB-VECTOR ($\mathbf{S}_g$, $N_g, N_a$)}
                                                   % give the algorithm a ca...

>>>>>>> a292c0060979adbfa6e2b934ebeee299bdccbfdd
? 

! LaTeX Error: \begin{document} ended by \end{algorithm}.

See the LaTeX manual or LaTeX Companion for explanation.
Type  H <return>  for immediate help.
 ...                                              
                                                  
l.433 \end{algorithm}
                     
? 

Underfull \vbox (badness 10000) has occurred while \output is active []


<distribution.pdf, id=35, 433.62pt x 325.215pt>
File: distribution.pdf Graphic file (type pdf)
 <use distribution.pdf>
<<<<<<< HEAD
Package pdftex.def Info: distribution.pdf used on input line 454.
(pdftex.def)             Requested size: 142.26378pt x 106.69601pt.

=======
>>>>>>> a292c0060979adbfa6e2b934ebeee299bdccbfdd
Overfull \hbox (1.23058pt too wide) in paragraph at lines 466--466
\T1/aer/m/n/9 The prob-a-bil-ity of $\OML/cmm/m/it/9 i[]$ \T1/aer/m/n/9 hy-per-
edge re-oc-cur-ring us-ing the dyadic
 []

<<<<<<< HEAD
[5
! Undefined control sequence.
<write> \@writefile{\ext@copyrightbox 
                                      }{\protect \contentsline {copyrightbox...
l.477 
      
? 
! Undefined control sequence.
<write> ...\protect \numberline {\thecopyrightbox 
                                                  }{\ignorespaces GRAPH-PROB...
l.477 
      
? 
! Undefined control sequence.
<write> \newlabel{alg2}{{\p@copyrightbox 
                                         \thecopyrightbox }{\thepage }}
l.477 
      
? 
! Undefined control sequence.
<write> ...lg2}{{\p@copyrightbox \thecopyrightbox 
                                                  }{\thepage }}
l.477 
      
? 
 <C:/New folder (2)/gitrepo/hyperedge_activity_prediction/KDD 2014 Resubmission
 Alternate KDD style/distribution.pdf>]
<tables.pdf, id=44, 730.73pt x 308.15125pt>
File: tables.pdf Graphic file (type pdf)
 <use tables.pdf>
Package pdftex.def Info: tables.pdf used on input line 482.
(pdftex.def)             Requested size: 504.0pt x 212.53995pt.

! Undefined control sequence.
=======
[5 <C:/Ankit/Research/gitrepo/hyperedge_activity_prediction/KDD 2014 Resubmissi
on Alternate KDD style/distribution.pdf>]
<tables.pdf, id=44, 730.73pt x 308.15125pt>
File: tables.pdf Graphic file (type pdf)
 <use tables.pdf>

! LaTeX Error: No counter 'subfigure@save' defined.

See the LaTeX manual or LaTeX Companion for explanation.
Type  H <return>  for immediate help.
 ...                                              
                                                  
>>>>>>> a292c0060979adbfa6e2b934ebeee299bdccbfdd
l.495         \subfloat
                       {\includegraphics[width=0.245\textwidth]{fscore_main_...

? 
<fscore_main_100.pdf, id=46, 397.485pt x 289.08pt>
File: fscore_main_100.pdf Graphic file (type pdf)
 <use fscore_main_100.pdf>
<<<<<<< HEAD
Package pdftex.def Info: fscore_main_100.pdf used on input line 495.
(pdftex.def)             Requested size: 123.47754pt x 89.79913pt.

! Undefined control sequence.
=======

! LaTeX Error: No counter 'subfigure@save' defined.

See the LaTeX manual or LaTeX Companion for explanation.
Type  H <return>  for immediate help.
 ...                                              
                                                  
>>>>>>> a292c0060979adbfa6e2b934ebeee299bdccbfdd
l.495 ...textwidth]{fscore_main_100.pdf}}\subfloat
                                                  {\includegraphics[width=0....

? 
<fscore_main_1000.pdf, id=47, 397.485pt x 289.08pt>
File: fscore_main_1000.pdf Graphic file (type pdf)
 <use fscore_main_1000.pdf>
<<<<<<< HEAD
Package pdftex.def Info: fscore_main_1000.pdf used on input line 495.
(pdftex.def)             Requested size: 123.47754pt x 89.79913pt.

=======
>>>>>>> a292c0060979adbfa6e2b934ebeee299bdccbfdd
Overfull \hbox (6.95508pt too wide) in paragraph at lines 495--496
 [][][] 
 []

<<<<<<< HEAD
! Undefined control sequence.
=======

! LaTeX Error: No counter 'subfigure@save' defined.

See the LaTeX manual or LaTeX Companion for explanation.
Type  H <return>  for immediate help.
 ...                                              
                                                  
>>>>>>> a292c0060979adbfa6e2b934ebeee299bdccbfdd
l.503         \subfloat
                       {\includegraphics[width=0.245\textwidth]{fscore_100_v...

? 
<fscore_100_var_train.pdf, id=48, 397.485pt x 289.08pt>
File: fscore_100_var_train.pdf Graphic file (type pdf)

<use fscore_100_var_train.pdf>
<<<<<<< HEAD
Package pdftex.def Info: fscore_100_var_train.pdf used on input line 503.
(pdftex.def)             Requested size: 123.47754pt x 89.79913pt.

! Undefined control sequence.
=======

! LaTeX Error: No counter 'subfigure@save' defined.

See the LaTeX manual or LaTeX Companion for explanation.
Type  H <return>  for immediate help.
 ...                                              
                                                  
>>>>>>> a292c0060979adbfa6e2b934ebeee299bdccbfdd
l.503 ...idth]{fscore_100_var_train.pdf}}\subfloat
                                                  {\includegraphics[width=0....

? 
<fscore_1000_var_train.pdf, id=49, 397.485pt x 289.08pt>
File: fscore_1000_var_train.pdf Graphic file (type pdf)

<use fscore_1000_var_train.pdf>
<<<<<<< HEAD
Package pdftex.def Info: fscore_1000_var_train.pdf used on input line 503.
(pdftex.def)             Requested size: 123.47754pt x 89.79913pt.

=======
>>>>>>> a292c0060979adbfa6e2b934ebeee299bdccbfdd
Overfull \hbox (6.95508pt too wide) in paragraph at lines 503--504
 [][][] 
 []


Underfull \hbox (badness 10000) in paragraph at lines 511--512

 []


Overfull \hbox (3.18542pt too wide) in paragraph at lines 541--542
[]\T1/aer/m/n/9 This study con-sid-ers col-lab-o-ra-tions of size = $\OMS/cmsy/
m/n/9 f\OT1/cmr/m/n/9 2\OML/cmm/m/it/9 ; \OT1/cmr/m/n/9 3\OML/cmm/m/it/9 ; \OT1
/cmr/m/n/9 4\OML/cmm/m/it/9 ; \OT1/cmr/m/n/9 5\OML/cmm/m/it/9 ; \OT1/cmr/m/n/9 
6\OML/cmm/m/it/9 ; \OT1/cmr/m/n/9 7\OMS/cmsy/m/n/9 g$
 []


Overfull \hbox (6.19897pt too wide) in paragraph at lines 541--542
\T1/aer/m/n/9 as we are in-ter-ested only in higher or-der col-lab-o-ra-tions (
size=2
 []

<<<<<<< HEAD

=======
[6 <C:/Ankit/Research/gitrepo/hyperedge_activity_prediction/KDD 2014 Resubmissi
on Alternate KDD style/fscore_main_100.pdf> <C:/Ankit/Research/gitrepo/hyperedg
e_activity_prediction/KDD 2014 Resubmission Alternate KDD style/fscore_main_100
0.pdf> <C:/Ankit/Research/gitrepo/hyperedge_activity_prediction/KDD 2014 Resubm
ission Alternate KDD style/fscore_100_var_train.pdf> <C:/Ankit/Research/gitrepo
/hyperedge_activity_prediction/KDD 2014 Resubmission Alternate KDD style/fscore
_1000_var_train.pdf>]
>>>>>>> a292c0060979adbfa6e2b934ebeee299bdccbfdd
Overfull \hbox (2.83916pt too wide) in paragraph at lines 568--569
\T1/aer/m/n/9 across all the $\OML/cmm/m/it/9 splits$ \T1/aer/m/n/9 (over which
 the ex-per-i-ment is con-ducted). 
 []

<<<<<<< HEAD
[6 <C:/New folder (2)/gitrepo/hyperedge_activity_prediction/KDD 2014 Resubmissi
on Alternate KDD style/fscore_main_100.pdf> <C:/New folder (2)/gitrepo/hyperedg
e_activity_prediction/KDD 2014 Resubmission Alternate KDD style/fscore_main_100
0.pdf> <C:/New folder (2)/gitrepo/hyperedge_activity_prediction/KDD 2014 Resubm
ission Alternate KDD style/fscore_100_var_train.pdf> <C:/New folder (2)/gitrepo
/hyperedge_activity_prediction/KDD 2014 Resubmission Alternate KDD style/fscore
_1000_var_train.pdf>]
! Undefined control sequence.
=======

! LaTeX Error: No counter 'subfigure@save' defined.

See the LaTeX manual or LaTeX Companion for explanation.
Type  H <return>  for immediate help.
 ...                                              
                                                  
>>>>>>> a292c0060979adbfa6e2b934ebeee299bdccbfdd
l.582         \subfloat
                       {\includegraphics[width=0.245\textwidth]{fscore_100_v...

? 
<fscore_100_var_test.pdf, id=69, 397.485pt x 289.08pt>
File: fscore_100_var_test.pdf Graphic file (type pdf)

<use fscore_100_var_test.pdf>
<<<<<<< HEAD
Package pdftex.def Info: fscore_100_var_test.pdf used on input line 582.
(pdftex.def)             Requested size: 123.47754pt x 89.79913pt.

! Undefined control sequence.
=======

! LaTeX Error: No counter 'subfigure@save' defined.

See the LaTeX manual or LaTeX Companion for explanation.
Type  H <return>  for immediate help.
 ...                                              
                                                  
>>>>>>> a292c0060979adbfa6e2b934ebeee299bdccbfdd
l.582 ...width]{fscore_100_var_test.pdf}}\subfloat
                                                  {\includegraphics[width=0....

? 
<fscore_1000_var_test.pdf, id=70, 397.485pt x 289.08pt>
File: fscore_1000_var_test.pdf Graphic file (type pdf)

<use fscore_1000_var_test.pdf>
<<<<<<< HEAD
Package pdftex.def Info: fscore_1000_var_test.pdf used on input line 582.
(pdftex.def)             Requested size: 123.47754pt x 89.79913pt.

=======
>>>>>>> a292c0060979adbfa6e2b934ebeee299bdccbfdd
Overfull \hbox (6.95508pt too wide) in paragraph at lines 582--583
 [][][] 
 []


Overfull \hbox (9.65486pt too wide) in paragraph at lines 588--589
\T1/aer/m/n/9 curves for dif-fer-ent test-ing pe-ri-ods are shown in Fig-ure 8(
a),(b).
 []

<<<<<<< HEAD
! Undefined control sequence.
=======

! LaTeX Error: No counter 'subfigure@save' defined.

See the LaTeX manual or LaTeX Companion for explanation.
Type  H <return>  for immediate help.
 ...                                              
                                                  
>>>>>>> a292c0060979adbfa6e2b934ebeee299bdccbfdd
l.601         \subfloat
                       {\includegraphics[width=0.245\textwidth]{trivial_prec...

? 
<trivial_precision_1000.pdf, id=71, 397.485pt x 289.08pt>
File: trivial_precision_1000.pdf Graphic file (type pdf)

<use trivial_precision_1000.pdf>
<<<<<<< HEAD
Package pdftex.def Info: trivial_precision_1000.pdf used on input line 601.
(pdftex.def)             Requested size: 123.47754pt x 89.79913pt.

! Undefined control sequence.
=======

! LaTeX Error: No counter 'subfigure@save' defined.

See the LaTeX manual or LaTeX Companion for explanation.
Type  H <return>  for immediate help.
 ...                                              
                                                  
>>>>>>> a292c0060979adbfa6e2b934ebeee299bdccbfdd
l.601 ...th]{trivial_precision_1000.pdf}}\subfloat
                                                  {\includegraphics[width=0....

? 
<trivial_recall_1000.pdf, id=72, 397.485pt x 289.08pt>
File: trivial_recall_1000.pdf Graphic file (type pdf)

<use trivial_recall_1000.pdf>
<<<<<<< HEAD
Package pdftex.def Info: trivial_recall_1000.pdf used on input line 601.
(pdftex.def)             Requested size: 123.47754pt x 89.79913pt.

=======
>>>>>>> a292c0060979adbfa6e2b934ebeee299bdccbfdd
Overfull \hbox (6.95508pt too wide) in paragraph at lines 601--602
 [][][] 
 []


Overfull \hbox (11.09457pt too wide) in paragraph at lines 607--608
\T1/aer/m/n/9 dyadic links. This ex-per-i-ment con-sists of three sub-experimen
ts
 []

[7 <C:/Ankit/Research/gitrepo/hyperedge_activity_prediction/KDD 2014 Resubmissi
on Alternate KDD style/tables.pdf> <C:/Ankit/Research/gitrepo/hyperedge_activit
y_prediction/KDD 2014 Resubmission Alternate KDD style/fscore_100_var_test.pdf>
<<<<<<< HEAD
 <C:/New folder (2)/gitrepo/hyperedge_activity_prediction/KDD 2014 Resubmission
 Alternate KDD style/fscore_1000_var_test.pdf> <C:/New folder (2)/gitrepo/hyper
edge_activity_prediction/KDD 2014 Resubmission Alternate KDD style/trivial_prec
ision_1000.pdf> <C:/New folder (2)/gitrepo/hyperedge_activity_prediction/KDD 20
14 Resubmission Alternate KDD style/trivial_recall_1000.pdf>]
! Undefined control sequence.
<recently read> \multirow 
                          
l.621 \multirow
               {2}{*}{Phase: Building} & HG(sec) & 5 & 29 & 103 \\ \cline{2-5}
? 
! Undefined control sequence.
l.625 \multirow
               {2}{*}{Phase: Decompos- } & HG(sec) &57 & 100 & 185\\ \cline{...

? 
! Undefined control sequence.
l.629 \multirow
               {2}{*}{Phase: Building} & HG(sec) & 263 & 1526 & 7304 \\ \cli...

? 

Overfull \hbox (51.21126pt too wide) in paragraph at lines 617--635
[][] 
 []


("C:\New folder (2)\gitrepo\hyperedge_activity_prediction\KDD 2014 Resubmission
 Alternate KDD style\sig-alternate.bbl" [8]
Underfull \vbox (badness 10000) has occurred while \output is active []

) [9]
("C:\New folder (2)\gitrepo\hyperedge_activity_prediction\KDD 2014 Resubmission
=======
 <C:/Ankit/Research/gitrepo/hyperedge_activity_prediction/KDD 2014 Resubmission
 Alternate KDD style/fscore_1000_var_test.pdf>]
("C:\Ankit\Research\gitrepo\hyperedge_activity_prediction\KDD 2014 Resubmission
 Alternate KDD style\sig-alternate.bbl" [8 <C:/Ankit/Research/gitrepo/hyperedge
_activity_prediction/KDD 2014 Resubmission Alternate KDD style/trivial_precisio
n_1000.pdf> <C:/Ankit/Research/gitrepo/hyperedge_activity_prediction/KDD 2014 R
esubmission Alternate KDD style/trivial_recall_1000.pdf>]
Underfull \vbox (badness 10000) has occurred while \output is active []

) [9]
("C:\Ankit\Research\gitrepo\hyperedge_activity_prediction\KDD 2014 Resubmission
>>>>>>> a292c0060979adbfa6e2b934ebeee299bdccbfdd
 Alternate KDD style\sig-alternate.aux")

LaTeX Warning: There were multiply-defined labels.

 ) 
Here is how much of TeX's memory you used:
<<<<<<< HEAD
 2738 strings out of 494045
 34539 string characters out of 3145956
 97240 words of memory out of 3000000
 5951 multiletter control sequences out of 15000+200000
 54394 words of font info for 75 fonts, out of 3000000 for 9000
 715 hyphenation exceptions out of 8191
 41i,12n,26p,2033b,287s stack positions out of 5000i,500n,10000p,200000b,50000s
{C:/Program Files (x86)/MiKTeX 2.9/fonts/enc/dvips/fontname/8r.enc}<C:/Progra
m Files (x86)/MiKTeX 2.9/fonts/type1/public/amsfonts/cm/cmbx6.pfb><C:/Program F
iles (x86)/MiKTeX 2.9/fonts/type1/public/amsfonts/cm/cmbx9.pfb><C:/Program File
s (x86)/MiKTeX 2.9/fonts/type1/public/amsfonts/cmextra/cmex9.pfb><C:/Program Fi
les (x86)/MiKTeX 2.9/fonts/type1/public/amsfonts/cm/cmmi5.pfb><C:/Program Files
 (x86)/MiKTeX 2.9/fonts/type1/public/amsfonts/cm/cmmi6.pfb><C:/Program Files (x
86)/MiKTeX 2.9/fonts/type1/public/amsfonts/cm/cmmi9.pfb><C:/Program Files (x86)
/MiKTeX 2.9/fonts/type1/public/amsfonts/cm/cmr6.pfb><C:/Program Files (x86)/MiK
TeX 2.9/fonts/type1/public/amsfonts/cm/cmr9.pfb><C:/Program Files (x86)/MiKTeX 
2.9/fonts/type1/public/amsfonts/cm/cmsy5.pfb><C:/Program Files (x86)/MiKTeX 2.9
/fonts/type1/public/amsfonts/cm/cmsy6.pfb><C:/Program Files (x86)/MiKTeX 2.9/fo
nts/type1/public/amsfonts/cm/cmsy9.pfb><C:/Program Files (x86)/MiKTeX 2.9/fonts
/type1/public/amsfonts/cm/cmti9.pfb><C:/Program Files (x86)/MiKTeX 2.9/fonts/ty
pe1/public/amsfonts/euler/eusm10.pfb><C:/Program Files (x86)/MiKTeX 2.9/fonts/t
ype1/urw/helvetic/uhvb8a.pfb><C:/Program Files (x86)/MiKTeX 2.9/fonts/type1/urw
/helvetic/uhvr8a.pfb><C:/Program Files (x86)/MiKTeX 2.9/fonts/type1/urw/times/u
tmb8a.pfb><C:/Program Files (x86)/MiKTeX 2.9/fonts/type1/urw/times/utmr8a.pfb><
C:/Program Files (x86)/MiKTeX 2.9/fonts/type1/urw/times/utmri8a.pfb>
Output written on sig-alternate.pdf (9 pages, 646247 bytes).
=======
 3855 strings out of 495285
 52749 string characters out of 3181405
 124798 words of memory out of 3000000
 6963 multiletter control sequences out of 15000+200000
 54394 words of font info for 75 fonts, out of 3000000 for 9000
 14 hyphenation exceptions out of 8191
 39i,12n,38p,1935b,618s stack positions out of 5000i,500n,10000p,200000b,50000s
{C:/Ankit_miktex/fonts/enc/dvips/fontname/8r.enc}<C:/Ankit_miktex/fonts/type1
/public/amsfonts/cm/cmbx6.pfb><C:/Ankit_miktex/fonts/type1/public/amsfonts/cm/c
mbx9.pfb><C:/Ankit_miktex/fonts/type1/public/amsfonts/cmextra/cmex9.pfb><C:/Ank
it_miktex/fonts/type1/public/amsfonts/cm/cmmi5.pfb><C:/Ankit_miktex/fonts/type1
/public/amsfonts/cm/cmmi6.pfb><C:/Ankit_miktex/fonts/type1/public/amsfonts/cm/c
mmi9.pfb><C:/Ankit_miktex/fonts/type1/public/amsfonts/cm/cmr6.pfb><C:/Ankit_mik
tex/fonts/type1/public/amsfonts/cm/cmr9.pfb><C:/Ankit_miktex/fonts/type1/public
/amsfonts/cm/cmsy5.pfb><C:/Ankit_miktex/fonts/type1/public/amsfonts/cm/cmsy6.pf
b><C:/Ankit_miktex/fonts/type1/public/amsfonts/cm/cmsy9.pfb><C:/Ankit_miktex/fo
nts/type1/public/amsfonts/cm/cmti9.pfb><C:/Ankit_miktex/fonts/type1/public/amsf
onts/euler/eusm10.pfb><C:/Ankit_miktex/fonts/type1/urw/helvetic/uhvb8a.pfb><C:/
Ankit_miktex/fonts/type1/urw/helvetic/uhvr8a.pfb><C:/Ankit_miktex/fonts/type1/u
rw/times/utmb8a.pfb><C:/Ankit_miktex/fonts/type1/urw/times/utmr8a.pfb><C:/Ankit
_miktex/fonts/type1/urw/times/utmri8a.pfb>
Output written on sig-alternate.pdf (9 pages, 639785 bytes).
>>>>>>> a292c0060979adbfa6e2b934ebeee299bdccbfdd
PDF statistics:
 166 PDF objects out of 1000 (max. 8388607)
 0 named destinations out of 1000 (max. 500000)
 71 words of extra memory for PDF output out of 10000 (max. 10000000)

