This is pdfTeX, Version 3.1415926-2.3-1.40.12 (MiKTeX 2.9) (preloaded format=pdftex 2012.5.17)  12 FEB 2014 23:05
entering extended mode
**C:/New*folder*(2)/gitrepo/hyperedge_activity_prediction/KDD*2014*Resubmission
/sdmbib.bib

("C:/New folder (2)/gitrepo/hyperedge_activity_prediction/KDD 2014 Resubmission
/sdmbib.bib"
Overfull \hbox (2.80038pt too wide) in paragraph at lines 1--11
[]\tenrm @articlekolda07, ti-tle=Efficient MAT-LAB com-pu-ta-tions with sparse 
and fac-tored ten-sors, au-thor=Bader,|

\hbox(6.94444+1.94444)x469.75499, glue set - 1.0
.\hbox(0.0+0.0)x20.0
.\tenrm @
.\tenrm a
.\tenrm r
.\tenrm t
.etc.


Overfull \hbox (1.19048pt too wide) in paragraph at lines 45--55
[]\tenrm @articlekolda11, ti-tle=Temporal link pre-dic-tion us-ing ma-trix and 
ten-sor fac-tor-iza-tions, au-thor=Dunlavy,|

\hbox(6.94444+1.94444)x469.75499, glue set - 1.0
.\hbox(0.0+0.0)x20.0
.\tenrm @
.\tenrm a
.\tenrm r
.\tenrm t
.etc.


Overfull \hbox (2.80038pt too wide) in paragraph at lines 67--77
[]\tenrm @articlekolda07, ti-tle=Efficient MAT-LAB com-pu-ta-tions with sparse 
and fac-tored ten-sors, au-thor=Bader,|

\hbox(6.94444+1.94444)x469.75499, glue set - 1.0
.\hbox(0.0+0.0)x20.0
.\tenrm @
.\tenrm a
.\tenrm r
.\tenrm t
.etc.


Overfull \hbox (28.60716pt too wide) in paragraph at lines 117--127
[]\tenrm @articletaramasco2010academic, ti-tle=Academic team for-ma-tion as evo
lv-ing hy-per-graphs, au-thor=Taramasco,|

\hbox(6.94444+1.94444)x469.75499, glue set - 1.0
.\hbox(0.0+0.0)x20.0
.\tenrm @
.\tenrm a
.\tenrm r
.\tenrm t
.etc.


Overfull \hbox (22.49608pt too wide) in paragraph at lines 117--127
\tenrm Carla and Coin-tet, Jean-Philippe and Roth, Camille, jour-nal=Scientomet
rics, vol-ume=85, num-ber=3, pages=721--|

\hbox(6.94444+1.94444)x469.75499, glue set - 1.0
.\tenrm C
.\tenrm a
.\tenrm r
.\tenrm l
.\tenrm a
.etc.


Overfull \hbox (19.96825pt too wide) in paragraph at lines 144--152
[]\tenrm @articleburt1992social, ti-tle=The so-cial struc-ture of com-pe-ti-tio
n, au-thor=Burt, Ronald S, jour-nal=Networks|

\hbox(6.94444+1.94444)x469.75499, glue set - 1.0
.\hbox(0.0+0.0)x20.0
.\tenrm @
.\tenrm a
.\tenrm r
.\tenrm t
.etc.


Overfull \hbox (9.89876pt too wide) in paragraph at lines 173--181
[]\tenrm @inproceedingsbackstrom2006group, ti-tle=Group for-ma-tion in large so
-cial net-works: mem-ber-ship, growth,|

\hbox(6.94444+1.94444)x469.75499, glue set - 1.0
.\hbox(0.0+0.0)x20.0
.\tenrm @
.\tenrm i
.\tenrm n
.\tenrm p
.etc.

[1{C:/ProgramData/MiKTeX/2.9/pdftex/config/pdftex.map}]
Overfull \hbox (3.63478pt too wide) in paragraph at lines 182--192
[]\tenrm @articlenewman2001structure, ti-tle=The struc-ture of sci-en-tific col
-lab-o-ra-tion net-works, au-thor=Newman,|

\hbox(6.94444+1.94444)x469.75499, glue set - 1.0
.\hbox(0.0+0.0)x20.0
.\tenrm @
.\tenrm a
.\tenrm r
.\tenrm t
.etc.


Overfull \hbox (6.3294pt too wide) in paragraph at lines 223--233
[]\tenrm @articleghoshal2009random, ti-tle=Random hy-per-graphs and their ap-pl
i-ca-tions, au-thor=Ghoshal, Gourab|

\hbox(6.94444+1.94444)x469.75499, glue set - 1.0
.\hbox(0.0+0.0)x20.0
.\tenrm @
.\tenrm a
.\tenrm r
.\tenrm t
.etc.

Missing character: There is no Ã in font cmr10!
Missing character: There is no ¡ in font cmr10!

Overfull \hbox (54.30075pt too wide) in paragraph at lines 277--284
[]\tenrm @articleputnam1996bona, ti-tle=Bona fide groups, au-thor=Putnam, LL an
d Stohl, Cyn-thia, jour-nal=Communication|

\hbox(6.94444+1.94444)x469.75499, glue set - 1.0
.\hbox(0.0+0.0)x20.0
.\tenrm @
.\tenrm a
.\tenrm r
.\tenrm t
.etc.


Overfull \hbox (15.55153pt too wide) in paragraph at lines 331--337
[]\tenrm @articlepearson2012spectral, ti-tle=On spec-tral hy-per-graph the-ory 
of the ad-ja-cency ten-sor, au-thor=Pearson,|

\hbox(6.94444+1.94444)x469.75499, glue set - 1.0
.\hbox(0.0+0.0)x20.0
.\tenrm @
.\tenrm a
.\tenrm r
.\tenrm t
.etc.

[2]
Overfull \hbox (19.43947pt too wide) in paragraph at lines 370--380
\tenrm Haus, Utz-Uwe and Theis, Fabian, jour-nal=PLoS com-pu-ta-tional bi-ol-og
y, vol-ume=5, num-ber=5, pages=e1000385,|

\hbox(6.94444+1.94444)x469.75499, glue set - 1.0
.\tenrm H
.\tenrm a
.\tenrm u
.\tenrm s
.\tenrm ,
.etc.


Overfull \hbox (7.12103pt too wide) in paragraph at lines 381--391
[]\tenrm @articlegolub1970singular, ti-tle=Singular value de-com-po-si-tion and
 least squares so-lu-tions, au-thor=Golub,|

\hbox(6.94444+1.94444)x469.75499, glue set - 1.0
.\hbox(0.0+0.0)x20.0
.\tenrm @
.\tenrm a
.\tenrm r
.\tenrm t
.etc.

)
*
! Emergency stop.
<*> ...prediction/KDD*2014*Resubmission/sdmbib.bib
                                                  
End of file on the terminal!

!  ==> Fatal error occurred, no output PDF file produced!
